2025-07-26 00:04:51 error: [Cake\Database\Exception\DatabaseException] Could not describe columns on `fornecedores` in D:\J-Tech\inferno\vendor\cakephp\cakephp\src\Database\Schema\MysqlSchemaDialect.php on line 127
Stack Trace:
- CORE\src\Database\Schema\SchemaDialect.php:427
- CORE\src\Database\Schema\Collection.php:87
- CORE\src\ORM\Table.php:526
- ROOT\vendor\cakephp\bake\src\Command\ModelCommand.php:116
- ROOT\vendor\cakephp\bake\src\Command\ModelCommand.php:99
- ROOT\vendor\cakephp\bake\src\Command\AllCommand.php:120
- CORE\src\Console\BaseCommand.php:201
- CORE\src\Console\CommandRunner.php:338
- CORE\src\Console\CommandRunner.php:168
- ROOT\bin\cake.php:10
- [main]:

Caused by: [Cake\Database\Exception\QueryException] SQLSTATE[42S02]: Base table or view not found: 1146 Table 'inferno.fornecedores' doesn't exist
Query: SHOW FULL COLUMNS FROM `fornecedores` in D:\J-Tech\inferno\vendor\cakephp\cakephp\src\Database\Driver.php on line 383
Stack Trace:
- CORE\src\Database\Driver.php:330
- CORE\src\Database\Driver.php:296
- CORE\src\Database\Schema\MysqlSchemaDialect.php:125
- CORE\src\Database\Schema\SchemaDialect.php:427
- CORE\src\Database\Schema\Collection.php:87
- CORE\src\ORM\Table.php:526
- ROOT\vendor\cakephp\bake\src\Command\ModelCommand.php:116
- ROOT\vendor\cakephp\bake\src\Command\ModelCommand.php:99
- ROOT\vendor\cakephp\bake\src\Command\AllCommand.php:120
- CORE\src\Console\BaseCommand.php:201
- CORE\src\Console\CommandRunner.php:338
- CORE\src\Console\CommandRunner.php:168
- ROOT\bin\cake.php:10
- [main]:

Caused by: [PDOException] SQLSTATE[42S02]: Base table or view not found: 1146 Table 'inferno.fornecedores' doesn't exist in D:\J-Tech\inferno\vendor\cakephp\cakephp\src\Database\Statement\Statement.php on line 144
Stack Trace:
- CORE\src\Database\Statement\Statement.php:144
- CORE\src\Database\Driver.php:328
- CORE\src\Database\Driver.php:296
- CORE\src\Database\Schema\MysqlSchemaDialect.php:125
- CORE\src\Database\Schema\SchemaDialect.php:427
- CORE\src\Database\Schema\Collection.php:87
- CORE\src\ORM\Table.php:526
- ROOT\vendor\cakephp\bake\src\Command\ModelCommand.php:116
- ROOT\vendor\cakephp\bake\src\Command\ModelCommand.php:99
- ROOT\vendor\cakephp\bake\src\Command\AllCommand.php:120
- CORE\src\Console\BaseCommand.php:201
- CORE\src\Console\CommandRunner.php:338
- CORE\src\Console\CommandRunner.php:168
- ROOT\bin\cake.php:10
- [main]:

